<?xml version="1.0" encoding="UTF-8"?>
<testng-results ignored="0" total="1" passed="1" failed="0" skipped="0">
  <reporter-output>
  </reporter-output>
  <suite started-at="2022-07-20T23:50:45 CST" name="Default suite" finished-at="2022-07-20T23:50:49 CST" duration-ms="4270">
    <groups>
    </groups>
    <test started-at="2022-07-20T23:50:45 CST" name="Default test" finished-at="2022-07-20T23:50:49 CST" duration-ms="4270">
      <class name="TestAssurity.TechExam">
        <test-method signature="Test_1()[pri:0, instance:TestAssurity.TechExam@3c73951]" started-at="2022-07-20T23:50:45 CST" name="Test_1" finished-at="2022-07-20T23:50:49 CST" duration-ms="4213" status="PASS">
          <reporter-output>
          </reporter-output>
        </test-method> <!-- Test_1 -->
      </class> <!-- TestAssurity.TechExam -->
    </test> <!-- Default test -->
  </suite> <!-- Default suite -->
</testng-results>
